<?xml version="1.0" encoding="UTF-8"?>
<coverage generated="1764625789981" clover="3.2.0">
  <project timestamp="1764625789981" name="All files">
    <metrics statements="56" coveredstatements="50" conditionals="28" coveredconditionals="25" methods="7" coveredmethods="6" elements="91" coveredelements="81" complexity="0" loc="56" ncloc="56" packages="1" files="3" classes="3"/>
    <file name="App.jsx" path="/Users/dianestephani/projects/barbell-math-app/barbell-math/barbell-math-vite/src/App.jsx">
      <metrics statements="1" coveredstatements="1" conditionals="0" coveredconditionals="0" methods="1" coveredmethods="1"/>
      <line num="4" count="2" type="stmt"/>
    </file>
    <file name="barbellMath.js" path="/Users/dianestephani/projects/barbell-math-app/barbell-math/barbell-math-vite/src/barbellMath.js">
      <metrics statements="51" coveredstatements="49" conditionals="26" coveredconditionals="25" methods="5" coveredmethods="5"/>
      <line num="4" count="1" type="stmt"/>
      <line num="18" count="8" type="stmt"/>
      <line num="19" count="8" type="stmt"/>
      <line num="22" count="8" type="stmt"/>
      <line num="23" count="8" type="stmt"/>
      <line num="24" count="8" type="stmt"/>
      <line num="27" count="8" type="stmt"/>
      <line num="30" count="8" type="cond" truecount="4" falsecount="0"/>
      <line num="31" count="3" type="stmt"/>
      <line num="32" count="3" type="stmt"/>
      <line num="35" count="5" type="cond" truecount="1" falsecount="1"/>
      <line num="36" count="0" type="stmt"/>
      <line num="37" count="0" type="stmt"/>
      <line num="41" count="5" type="stmt"/>
      <line num="44" count="5" type="stmt"/>
      <line num="47" count="5" type="stmt"/>
      <line num="56" count="17" type="stmt"/>
      <line num="57" count="17" type="stmt"/>
      <line num="60" count="17" type="cond" truecount="4" falsecount="0"/>
      <line num="61" count="3" type="stmt"/>
      <line num="62" count="3" type="stmt"/>
      <line num="63" count="3" type="stmt"/>
      <line num="67" count="14" type="stmt"/>
      <line num="70" count="14" type="stmt"/>
      <line num="72" count="14" type="stmt"/>
      <line num="76" count="14" type="stmt"/>
      <line num="88" count="14" type="stmt"/>
      <line num="89" count="112" type="stmt"/>
      <line num="90" count="104" type="stmt"/>
      <line num="93" count="14" type="stmt"/>
      <line num="95" count="14" type="stmt"/>
      <line num="96" count="104" type="stmt"/>
      <line num="97" count="104" type="stmt"/>
      <line num="98" count="104" type="stmt"/>
      <line num="100" count="104" type="stmt"/>
      <line num="104" count="14" type="cond" truecount="2" falsecount="0"/>
      <line num="105" count="14" type="cond" truecount="2" falsecount="0"/>
      <line num="106" count="14" type="cond" truecount="2" falsecount="0"/>
      <line num="107" count="14" type="cond" truecount="2" falsecount="0"/>
      <line num="108" count="14" type="cond" truecount="2" falsecount="0"/>
      <line num="109" count="14" type="cond" truecount="2" falsecount="0"/>
      <line num="110" count="14" type="cond" truecount="2" falsecount="0"/>
      <line num="111" count="14" type="cond" truecount="2" falsecount="0"/>
      <line num="118" count="3" type="stmt"/>
      <line num="119" count="3" type="stmt"/>
      <line num="120" count="3" type="stmt"/>
      <line num="121" count="3" type="stmt"/>
      <line num="122" count="3" type="stmt"/>
      <line num="123" count="3" type="stmt"/>
      <line num="124" count="3" type="stmt"/>
      <line num="125" count="3" type="stmt"/>
    </file>
    <file name="init.js" path="/Users/dianestephani/projects/barbell-math-app/barbell-math/barbell-math-vite/src/init.js">
      <metrics statements="4" coveredstatements="0" conditionals="2" coveredconditionals="0" methods="1" coveredmethods="0"/>
      <line num="6" count="0" type="stmt"/>
      <line num="7" count="0" type="stmt"/>
      <line num="8" count="0" type="cond" truecount="0" falsecount="2"/>
      <line num="9" count="0" type="stmt"/>
    </file>
  </project>
</coverage>
