{"/Users/dianestephani/projects/barbell-math-app/barbell-math/barbell-math-vite/src/App.jsx": {"path":"/Users/dianestephani/projects/barbell-math-app/barbell-math/barbell-math-vite/src/App.jsx","statementMap":{"0":{"start":{"line":4,"column":2},"end":{"line":4,"column":13}}},"fnMap":{"0":{"name":"App","decl":{"start":{"line":3,"column":9},"end":{"line":3,"column":12}},"loc":{"start":{"line":3,"column":15},"end":{"line":5,"column":1}},"line":3}},"branchMap":{},"s":{"0":2},"f":{"0":2},"b":{},"_coverageSchema":"1a1c01bbd47fc00a2c39e90264f33305004495a9","hash":"e67d8b0d3018c4f8b7a9de07abf7f36c9a91ba1c"}
,"/Users/dianestephani/projects/barbell-math-app/barbell-math/barbell-math-vite/src/barbellMath.js": {"path":"/Users/dianestephani/projects/barbell-math-app/barbell-math/barbell-math-vite/src/barbellMath.js","statementMap":{"0":{"start":{"line":4,"column":21},"end":{"line":10,"column":1}},"1":{"start":{"line":18,"column":28},"end":{"line":18,"column":79}},"2":{"start":{"line":19,"column":23},"end":{"line":19,"column":58}},"3":{"start":{"line":22,"column":26},"end":{"line":22,"column":64}},"4":{"start":{"line":23,"column":24},"end":{"line":23,"column":45}},"5":{"start":{"line":24,"column":20},"end":{"line":24,"column":47}},"6":{"start":{"line":27,"column":29},"end":{"line":27,"column":71}},"7":{"start":{"line":30,"column":2},"end":{"line":33,"column":3}},"8":{"start":{"line":31,"column":4},"end":{"line":31,"column":55}},"9":{"start":{"line":32,"column":4},"end":{"line":32,"column":11}},"10":{"start":{"line":35,"column":2},"end":{"line":38,"column":3}},"11":{"start":{"line":36,"column":4},"end":{"line":36,"column":58}},"12":{"start":{"line":37,"column":4},"end":{"line":37,"column":11}},"13":{"start":{"line":41,"column":21},"end":{"line":41,"column":45}},"14":{"start":{"line":44,"column":2},"end":{"line":44,"column":40}},"15":{"start":{"line":47,"column":2},"end":{"line":47,"column":26}},"16":{"start":{"line":56,"column":29},"end":{"line":56,"column":71}},"17":{"start":{"line":57,"column":24},"end":{"line":57,"column":60}},"18":{"start":{"line":60,"column":2},"end":{"line":64,"column":3}},"19":{"start":{"line":61,"column":4},"end":{"line":61,"column":28}},"20":{"start":{"line":62,"column":4},"end":{"line":62,"column":56}},"21":{"start":{"line":63,"column":4},"end":{"line":63,"column":11}},"22":{"start":{"line":67,"column":24},"end":{"line":67,"column":43}},"23":{"start":{"line":70,"column":2},"end":{"line":70,"column":65}},"24":{"start":{"line":72,"column":2},"end":{"line":72,"column":34}},"25":{"start":{"line":76,"column":26},"end":{"line":85,"column":3}},"26":{"start":{"line":88,"column":32},"end":{"line":90,"column":31}},"27":{"start":{"line":89,"column":21},"end":{"line":89,"column":71}},"28":{"start":{"line":90,"column":18},"end":{"line":90,"column":30}},"29":{"start":{"line":93,"column":26},"end":{"line":93,"column":28}},"30":{"start":{"line":95,"column":2},"end":{"line":101,"column":3}},"31":{"start":{"line":96,"column":21},"end":{"line":96,"column":62}},"32":{"start":{"line":97,"column":4},"end":{"line":97,"column":44}},"33":{"start":{"line":98,"column":4},"end":{"line":98,"column":46}},"34":{"start":{"line":100,"column":4},"end":{"line":100,"column":62}},"35":{"start":{"line":104,"column":2},"end":{"line":104,"column":72}},"36":{"start":{"line":105,"column":2},"end":{"line":105,"column":72}},"37":{"start":{"line":106,"column":2},"end":{"line":106,"column":72}},"38":{"start":{"line":107,"column":2},"end":{"line":107,"column":72}},"39":{"start":{"line":108,"column":2},"end":{"line":108,"column":72}},"40":{"start":{"line":109,"column":2},"end":{"line":109,"column":70}},"41":{"start":{"line":110,"column":2},"end":{"line":110,"column":74}},"42":{"start":{"line":111,"column":2},"end":{"line":111,"column":76}},"43":{"start":{"line":118,"column":2},"end":{"line":118,"column":50}},"44":{"start":{"line":119,"column":2},"end":{"line":119,"column":50}},"45":{"start":{"line":120,"column":2},"end":{"line":120,"column":50}},"46":{"start":{"line":121,"column":2},"end":{"line":121,"column":50}},"47":{"start":{"line":122,"column":2},"end":{"line":122,"column":50}},"48":{"start":{"line":123,"column":2},"end":{"line":123,"column":49}},"49":{"start":{"line":124,"column":2},"end":{"line":124,"column":51}},"50":{"start":{"line":125,"column":2},"end":{"line":125,"column":52}}},"fnMap":{"0":{"name":"calculateTestValue","decl":{"start":{"line":16,"column":16},"end":{"line":16,"column":34}},"loc":{"start":{"line":16,"column":37},"end":{"line":48,"column":1}},"line":16},"1":{"name":"calculateBumperPlates","decl":{"start":{"line":54,"column":16},"end":{"line":54,"column":37}},"loc":{"start":{"line":54,"column":40},"end":{"line":112,"column":1}},"line":54},"2":{"name":"(anonymous_2)","decl":{"start":{"line":89,"column":12},"end":{"line":89,"column":13}},"loc":{"start":{"line":89,"column":21},"end":{"line":89,"column":71}},"line":89},"3":{"name":"(anonymous_3)","decl":{"start":{"line":90,"column":9},"end":{"line":90,"column":10}},"loc":{"start":{"line":90,"column":18},"end":{"line":90,"column":30}},"line":90},"4":{"name":"clearBumperPlateTable","decl":{"start":{"line":117,"column":9},"end":{"line":117,"column":30}},"loc":{"start":{"line":117,"column":33},"end":{"line":126,"column":1}},"line":117}},"branchMap":{"0":{"loc":{"start":{"line":30,"column":2},"end":{"line":33,"column":3}},"type":"if","locations":[{"start":{"line":30,"column":2},"end":{"line":33,"column":3}},{"start":{},"end":{}}],"line":30},"1":{"loc":{"start":{"line":30,"column":6},"end":{"line":30,"column":42}},"type":"binary-expr","locations":[{"start":{"line":30,"column":6},"end":{"line":30,"column":19}},{"start":{"line":30,"column":23},"end":{"line":30,"column":42}}],"line":30},"2":{"loc":{"start":{"line":35,"column":2},"end":{"line":38,"column":3}},"type":"if","locations":[{"start":{"line":35,"column":2},"end":{"line":38,"column":3}},{"start":{},"end":{}}],"line":35},"3":{"loc":{"start":{"line":60,"column":2},"end":{"line":64,"column":3}},"type":"if","locations":[{"start":{"line":60,"column":2},"end":{"line":64,"column":3}},{"start":{},"end":{}}],"line":60},"4":{"loc":{"start":{"line":60,"column":6},"end":{"line":60,"column":48}},"type":"binary-expr","locations":[{"start":{"line":60,"column":6},"end":{"line":60,"column":22}},{"start":{"line":60,"column":26},"end":{"line":60,"column":48}}],"line":60},"5":{"loc":{"start":{"line":104,"column":47},"end":{"line":104,"column":71}},"type":"binary-expr","locations":[{"start":{"line":104,"column":47},"end":{"line":104,"column":66}},{"start":{"line":104,"column":70},"end":{"line":104,"column":71}}],"line":104},"6":{"loc":{"start":{"line":105,"column":47},"end":{"line":105,"column":71}},"type":"binary-expr","locations":[{"start":{"line":105,"column":47},"end":{"line":105,"column":66}},{"start":{"line":105,"column":70},"end":{"line":105,"column":71}}],"line":105},"7":{"loc":{"start":{"line":106,"column":47},"end":{"line":106,"column":71}},"type":"binary-expr","locations":[{"start":{"line":106,"column":47},"end":{"line":106,"column":66}},{"start":{"line":106,"column":70},"end":{"line":106,"column":71}}],"line":106},"8":{"loc":{"start":{"line":107,"column":47},"end":{"line":107,"column":71}},"type":"binary-expr","locations":[{"start":{"line":107,"column":47},"end":{"line":107,"column":66}},{"start":{"line":107,"column":70},"end":{"line":107,"column":71}}],"line":107},"9":{"loc":{"start":{"line":108,"column":47},"end":{"line":108,"column":71}},"type":"binary-expr","locations":[{"start":{"line":108,"column":47},"end":{"line":108,"column":66}},{"start":{"line":108,"column":70},"end":{"line":108,"column":71}}],"line":108},"10":{"loc":{"start":{"line":109,"column":46},"end":{"line":109,"column":69}},"type":"binary-expr","locations":[{"start":{"line":109,"column":46},"end":{"line":109,"column":64}},{"start":{"line":109,"column":68},"end":{"line":109,"column":69}}],"line":109},"11":{"loc":{"start":{"line":110,"column":48},"end":{"line":110,"column":73}},"type":"binary-expr","locations":[{"start":{"line":110,"column":48},"end":{"line":110,"column":68}},{"start":{"line":110,"column":72},"end":{"line":110,"column":73}}],"line":110},"12":{"loc":{"start":{"line":111,"column":49},"end":{"line":111,"column":75}},"type":"binary-expr","locations":[{"start":{"line":111,"column":49},"end":{"line":111,"column":70}},{"start":{"line":111,"column":74},"end":{"line":111,"column":75}}],"line":111}},"s":{"0":1,"1":8,"2":8,"3":8,"4":8,"5":8,"6":8,"7":8,"8":3,"9":3,"10":5,"11":0,"12":0,"13":5,"14":5,"15":5,"16":17,"17":17,"18":17,"19":3,"20":3,"21":3,"22":14,"23":14,"24":14,"25":14,"26":14,"27":112,"28":104,"29":14,"30":14,"31":104,"32":104,"33":104,"34":104,"35":14,"36":14,"37":14,"38":14,"39":14,"40":14,"41":14,"42":14,"43":3,"44":3,"45":3,"46":3,"47":3,"48":3,"49":3,"50":3},"f":{"0":8,"1":17,"2":112,"3":104,"4":3},"b":{"0":[3,5],"1":[8,5],"2":[0,5],"3":[3,14],"4":[17,14],"5":[14,3],"6":[14,13],"7":[14,10],"8":[14,13],"9":[14,14],"10":[14,11],"11":[14,11],"12":[14,12]},"_coverageSchema":"1a1c01bbd47fc00a2c39e90264f33305004495a9","hash":"7b774e8ec4de2549f1ff2de8a57ec13b32baaaac"}
,"/Users/dianestephani/projects/barbell-math-app/barbell-math/barbell-math-vite/src/init.js": {"path":"/Users/dianestephani/projects/barbell-math-app/barbell-math/barbell-math-vite/src/init.js","statementMap":{"0":{"start":{"line":6,"column":0},"end":{"line":11,"column":3}},"1":{"start":{"line":7,"column":26},"end":{"line":7,"column":68}},"2":{"start":{"line":8,"column":2},"end":{"line":10,"column":3}},"3":{"start":{"line":9,"column":4},"end":{"line":9,"column":66}}},"fnMap":{"0":{"name":"(anonymous_0)","decl":{"start":{"line":6,"column":46},"end":{"line":6,"column":47}},"loc":{"start":{"line":6,"column":52},"end":{"line":11,"column":1}},"line":6}},"branchMap":{"0":{"loc":{"start":{"line":8,"column":2},"end":{"line":10,"column":3}},"type":"if","locations":[{"start":{"line":8,"column":2},"end":{"line":10,"column":3}},{"start":{},"end":{}}],"line":8}},"s":{"0":0,"1":0,"2":0,"3":0},"f":{"0":0},"b":{"0":[0,0]}}
}
