TN:
SF:src/App.jsx
FN:3,App
FNF:1
FNH:1
FNDA:2,App
DA:4,2
LF:1
LH:1
BRF:0
BRH:0
end_of_record
TN:
SF:src/barbellMath.js
FN:16,calculateTestValue
FN:54,calculateBumperPlates
FN:89,(anonymous_2)
FN:90,(anonymous_3)
FN:117,clearBumperPlateTable
FNF:5
FNH:5
FNDA:8,calculateTestValue
FNDA:17,calculateBumperPlates
FNDA:112,(anonymous_2)
FNDA:104,(anonymous_3)
FNDA:3,clearBumperPlateTable
DA:4,1
DA:18,8
DA:19,8
DA:22,8
DA:23,8
DA:24,8
DA:27,8
DA:30,8
DA:31,3
DA:32,3
DA:35,5
DA:36,0
DA:37,0
DA:41,5
DA:44,5
DA:47,5
DA:56,17
DA:57,17
DA:60,17
DA:61,3
DA:62,3
DA:63,3
DA:67,14
DA:70,14
DA:72,14
DA:76,14
DA:88,14
DA:89,112
DA:90,104
DA:93,14
DA:95,14
DA:96,104
DA:97,104
DA:98,104
DA:100,104
DA:104,14
DA:105,14
DA:106,14
DA:107,14
DA:108,14
DA:109,14
DA:110,14
DA:111,14
DA:118,3
DA:119,3
DA:120,3
DA:121,3
DA:122,3
DA:123,3
DA:124,3
DA:125,3
LF:51
LH:49
BRDA:30,0,0,3
BRDA:30,0,1,5
BRDA:30,1,0,8
BRDA:30,1,1,5
BRDA:35,2,0,0
BRDA:35,2,1,5
BRDA:60,3,0,3
BRDA:60,3,1,14
BRDA:60,4,0,17
BRDA:60,4,1,14
BRDA:104,5,0,14
BRDA:104,5,1,3
BRDA:105,6,0,14
BRDA:105,6,1,13
BRDA:106,7,0,14
BRDA:106,7,1,10
BRDA:107,8,0,14
BRDA:107,8,1,13
BRDA:108,9,0,14
BRDA:108,9,1,14
BRDA:109,10,0,14
BRDA:109,10,1,11
BRDA:110,11,0,14
BRDA:110,11,1,11
BRDA:111,12,0,14
BRDA:111,12,1,12
BRF:26
BRH:25
end_of_record
TN:
SF:src/init.js
FN:6,(anonymous_0)
FNF:1
FNH:0
FNDA:0,(anonymous_0)
DA:6,0
DA:7,0
DA:8,0
DA:9,0
LF:4
LH:0
BRDA:8,0,0,0
BRDA:8,0,1,0
BRF:2
BRH:0
end_of_record
